[debug] [2021-04-26T12:34:52.037Z] ----------------------------------------------------------------------
[debug] [2021-04-26T12:34:52.039Z] Command:       C:\Program Files\nodejs\node.exe C:\Users\rudra\AppData\Roaming\npm\node_modules\firebase-tools\lib\bin\firebase.js init
[debug] [2021-04-26T12:34:52.040Z] CLI Version:   9.10.0
[debug] [2021-04-26T12:34:52.040Z] Platform:      win32
[debug] [2021-04-26T12:34:52.040Z] Node Version:  v12.18.3
[debug] [2021-04-26T12:34:52.041Z] Time:          Mon Apr 26 2021 18:04:52 GMT+0530 (India Standard Time)
[debug] [2021-04-26T12:34:52.042Z] ----------------------------------------------------------------------
[debug] 
[debug] [2021-04-26T12:34:52.052Z] > command requires scopes: ["email","openid","https://www.googleapis.com/auth/cloudplatformprojects.readonly","https://www.googleapis.com/auth/firebase","https://www.googleapis.com/auth/cloud-platform"]
[debug] [2021-04-26T12:34:52.052Z] > authorizing via signed-in user (ey.smarttesting@gmail.com)
[info] 
     ######## #### ########  ######## ########     ###     ######  ########
     ##        ##  ##     ## ##       ##     ##  ##   ##  ##       ##
     ######    ##  ########  ######   ########  #########  ######  ######
     ##        ##  ##    ##  ##       ##     ## ##     ##       ## ##
     ##       #### ##     ## ######## ########  ##     ##  ######  ########

You're about to initialize a Firebase project in this directory:

  D:\validator

Before we get started, keep in mind:

  * You are initializing in an existing Firebase project directory

[info] 
=== Project Setup
[info] 
[info] First, let's associate this project directory with a Firebase project.
[info] You can create multiple project aliases by running firebase use --add, 
[info] but for now we'll just set up a default project.
[info] 
[debug] [2021-04-26T12:35:05.944Z] > refreshing access token with scopes: []
[debug] [2021-04-26T12:35:05.944Z] >>> HTTP REQUEST POST https://www.googleapis.com/oauth2/v3/token  
 <request body omitted>
[debug] [2021-04-26T12:35:06.259Z] <<< HTTP RESPONSE 200 {"date":"Mon, 26 Apr 2021 12:35:07 GMT","cache-control":"no-cache, no-store, max-age=0, must-revalidate","pragma":"no-cache","expires":"Mon, 01 Jan 1990 00:00:00 GMT","content-type":"application/json; charset=utf-8","vary":"X-Origin, Referer, Origin,Accept-Encoding","server":"scaffolding on HTTPServer2","x-xss-protection":"0","x-frame-options":"SAMEORIGIN","x-content-type-options":"nosniff","alt-svc":"h3-29=\":443\"; ma=2592000,h3-T051=\":443\"; ma=2592000,h3-Q050=\":443\"; ma=2592000,h3-Q046=\":443\"; ma=2592000,h3-Q043=\":443\"; ma=2592000,quic=\":443\"; ma=2592000; v=\"46,43\"","accept-ranges":"none","transfer-encoding":"chunked"}
[debug] [2021-04-26T12:35:06.346Z] >>> [apiv2][query] GET https://firebase.googleapis.com/v1beta1/projects/form-validation-4047e [none]
[debug] [2021-04-26T12:35:06.890Z] <<< [apiv2][status] GET https://firebase.googleapis.com/v1beta1/projects/form-validation-4047e 200
[debug] [2021-04-26T12:35:06.891Z] <<< [apiv2][body] GET https://firebase.googleapis.com/v1beta1/projects/form-validation-4047e {"projectId":"form-validation-4047e","projectNumber":"542817721784","displayName":"Form-validation","name":"projects/form-validation-4047e","resources":{"hostingSite":"form-validation-4047e"},"state":"ACTIVE"}
[info] i  Using project form-validation-4047e (Form-validation) 
[info] 
=== Hosting Setup
[info] 
[info] Your public directory is the folder (relative to your project directory) that
[info] will contain Hosting assets to be uploaded with firebase deploy. If you
[info] have a build process for your assets, use your build's output directory.
[info] 
